<?xml version="1.0" encoding="UTF-8"?>
<!-- Generated by org.testng.reporters.JUnitXMLReporter -->
<testsuite ignored="2" hostname="AfshasPc" failures="0" tests="5" name="NopCommerce Tests" time="93.396" errors="0" timestamp="2025-09-01T13:26:12 IST">
  <testcase classname="com.capstone.tests.LoginTest" name="loginTestBlankCredentials" time="4.876"/>
  <testcase classname="com.capstone.tests.LoginTest" name="loginTestInvalidEmail" time="25.475"/>
  <testcase classname="com.capstone.tests.LoginTest" name="loginTestInvalidPassword" time="25.384"/>
  <testcase classname="com.capstone.tests.LoginTest" name="loginTestValidCredentials" time="5.793"/>
  <testcase classname="com.capstone.tests.RegisterTest" name="registerNewUser" time="21.821"/>
  <testcase classname="com.capstone.framework.core.BaseTest" name="@BeforeSuite setupReport" time="0.0">
    <ignored/>
  </testcase> <!-- @BeforeSuite setupReport -->
  <testcase classname="com.capstone.framework.core.BaseTest" name="@AfterSuite tearDownReport" time="0.0">
    <ignored/>
  </testcase> <!-- @AfterSuite tearDownReport -->
</testsuite> <!-- NopCommerce Tests -->
