<?xml version="1.0" encoding="UTF-8"?>
<testng-results ignored="0" total="5" passed="5" failed="0" skipped="0">
  <reporter-output>
  </reporter-output>
  <suite started-at="2025-09-01T13:24:39 IST" name="Capstone Suite" finished-at="2025-09-01T13:26:12 IST" duration-ms="93396">
    <groups>
    </groups>
    <test started-at="2025-09-01T13:24:39 IST" name="NopCommerce Tests" finished-at="2025-09-01T13:26:12 IST" duration-ms="93396">
      <class name="com.capstone.tests.RegisterTest">
        <test-method is-config="true" signature="setUp(java.lang.reflect.Method)[pri:0, instance:com.capstone.tests.RegisterTest@79079097]" started-at="2025-09-01T13:25:49 IST" name="setUp" finished-at="2025-09-01T13:25:50 IST" duration-ms="1763" status="PASS">
          <params>
            <param index="0">
              <value>
                <![CDATA[public void com.capstone.tests.RegisterTest.registerNewUser() throws java.lang.InterruptedException]]>
              </value>
            </param>
          </params>
          <reporter-output>
          </reporter-output>
        </test-method> <!-- setUp -->
        <test-method signature="registerNewUser()[pri:0, instance:com.capstone.tests.RegisterTest@79079097]" started-at="2025-09-01T13:25:50 IST" name="registerNewUser" finished-at="2025-09-01T13:26:12 IST" duration-ms="21821" status="PASS">
          <reporter-output>
          </reporter-output>
        </test-method> <!-- registerNewUser -->
        <test-method is-config="true" signature="logResult(org.testng.ITestResult)[pri:0, instance:com.capstone.tests.RegisterTest@79079097]" started-at="2025-09-01T13:26:12 IST" name="logResult" finished-at="2025-09-01T13:26:12 IST" duration-ms="177" status="PASS">
          <params>
            <param index="0">
              <value>
                <![CDATA[[TestResult name=registerNewUser status=SUCCESS method=RegisterTest.registerNewUser()[pri:0, instance:com.capstone.tests.RegisterTest@79079097] output={null}]]]>
              </value>
            </param>
          </params>
          <reporter-output>
          </reporter-output>
        </test-method> <!-- logResult -->
      </class> <!-- com.capstone.tests.RegisterTest -->
      <class name="com.capstone.tests.LoginTest">
        <test-method is-config="true" signature="setupReport()[pri:0, instance:com.capstone.tests.LoginTest@489115ef]" started-at="2025-09-01T13:24:39 IST" name="setupReport" finished-at="2025-09-01T13:24:39 IST" duration-ms="193" status="PASS">
          <reporter-output>
          </reporter-output>
        </test-method> <!-- setupReport -->
        <test-method is-config="true" signature="setUp(java.lang.reflect.Method)[pri:0, instance:com.capstone.tests.LoginTest@489115ef]" started-at="2025-09-01T13:24:39 IST" name="setUp" finished-at="2025-09-01T13:24:41 IST" duration-ms="2234" status="PASS">
          <params>
            <param index="0">
              <value>
                <![CDATA[public void com.capstone.tests.LoginTest.loginTestBlankCredentials() throws java.lang.InterruptedException]]>
              </value>
            </param>
          </params>
          <reporter-output>
          </reporter-output>
        </test-method> <!-- setUp -->
        <test-method signature="loginTestBlankCredentials()[pri:0, instance:com.capstone.tests.LoginTest@489115ef]" started-at="2025-09-01T13:24:41 IST" name="loginTestBlankCredentials" finished-at="2025-09-01T13:24:46 IST" duration-ms="4876" status="PASS">
          <reporter-output>
          </reporter-output>
        </test-method> <!-- loginTestBlankCredentials -->
        <test-method is-config="true" signature="logResult(org.testng.ITestResult)[pri:0, instance:com.capstone.tests.LoginTest@489115ef]" started-at="2025-09-01T13:24:46 IST" name="logResult" finished-at="2025-09-01T13:24:46 IST" duration-ms="185" status="PASS">
          <params>
            <param index="0">
              <value>
                <![CDATA[[TestResult name=loginTestBlankCredentials status=SUCCESS method=LoginTest.loginTestBlankCredentials()[pri:0, instance:com.capstone.tests.LoginTest@489115ef] output={null}]]]>
              </value>
            </param>
          </params>
          <reporter-output>
          </reporter-output>
        </test-method> <!-- logResult -->
        <test-method is-config="true" signature="setUp(java.lang.reflect.Method)[pri:0, instance:com.capstone.tests.LoginTest@489115ef]" started-at="2025-09-01T13:24:46 IST" name="setUp" finished-at="2025-09-01T13:24:48 IST" duration-ms="1679" status="PASS">
          <params>
            <param index="0">
              <value>
                <![CDATA[public void com.capstone.tests.LoginTest.loginTestInvalidEmail() throws java.lang.InterruptedException]]>
              </value>
            </param>
          </params>
          <reporter-output>
          </reporter-output>
        </test-method> <!-- setUp -->
        <test-method signature="loginTestInvalidEmail()[pri:0, instance:com.capstone.tests.LoginTest@489115ef]" started-at="2025-09-01T13:24:48 IST" name="loginTestInvalidEmail" finished-at="2025-09-01T13:25:13 IST" duration-ms="25475" status="PASS">
          <reporter-output>
          </reporter-output>
        </test-method> <!-- loginTestInvalidEmail -->
        <test-method is-config="true" signature="logResult(org.testng.ITestResult)[pri:0, instance:com.capstone.tests.LoginTest@489115ef]" started-at="2025-09-01T13:25:13 IST" name="logResult" finished-at="2025-09-01T13:25:14 IST" duration-ms="169" status="PASS">
          <params>
            <param index="0">
              <value>
                <![CDATA[[TestResult name=loginTestInvalidEmail status=SUCCESS method=LoginTest.loginTestInvalidEmail()[pri:0, instance:com.capstone.tests.LoginTest@489115ef] output={null}]]]>
              </value>
            </param>
          </params>
          <reporter-output>
          </reporter-output>
        </test-method> <!-- logResult -->
        <test-method is-config="true" signature="setUp(java.lang.reflect.Method)[pri:0, instance:com.capstone.tests.LoginTest@489115ef]" started-at="2025-09-01T13:25:14 IST" name="setUp" finished-at="2025-09-01T13:25:15 IST" duration-ms="1710" status="PASS">
          <params>
            <param index="0">
              <value>
                <![CDATA[public void com.capstone.tests.LoginTest.loginTestInvalidPassword() throws java.lang.InterruptedException]]>
              </value>
            </param>
          </params>
          <reporter-output>
          </reporter-output>
        </test-method> <!-- setUp -->
        <test-method signature="loginTestInvalidPassword()[pri:0, instance:com.capstone.tests.LoginTest@489115ef]" started-at="2025-09-01T13:25:15 IST" name="loginTestInvalidPassword" finished-at="2025-09-01T13:25:41 IST" duration-ms="25384" status="PASS">
          <reporter-output>
          </reporter-output>
        </test-method> <!-- loginTestInvalidPassword -->
        <test-method is-config="true" signature="logResult(org.testng.ITestResult)[pri:0, instance:com.capstone.tests.LoginTest@489115ef]" started-at="2025-09-01T13:25:41 IST" name="logResult" finished-at="2025-09-01T13:25:41 IST" duration-ms="195" status="PASS">
          <params>
            <param index="0">
              <value>
                <![CDATA[[TestResult name=loginTestInvalidPassword status=SUCCESS method=LoginTest.loginTestInvalidPassword()[pri:0, instance:com.capstone.tests.LoginTest@489115ef] output={null}]]]>
              </value>
            </param>
          </params>
          <reporter-output>
          </reporter-output>
        </test-method> <!-- logResult -->
        <test-method is-config="true" signature="setUp(java.lang.reflect.Method)[pri:0, instance:com.capstone.tests.LoginTest@489115ef]" started-at="2025-09-01T13:25:41 IST" name="setUp" finished-at="2025-09-01T13:25:43 IST" duration-ms="1722" status="PASS">
          <params>
            <param index="0">
              <value>
                <![CDATA[public void com.capstone.tests.LoginTest.loginTestValidCredentials() throws java.lang.InterruptedException]]>
              </value>
            </param>
          </params>
          <reporter-output>
          </reporter-output>
        </test-method> <!-- setUp -->
        <test-method signature="loginTestValidCredentials()[pri:0, instance:com.capstone.tests.LoginTest@489115ef]" started-at="2025-09-01T13:25:43 IST" name="loginTestValidCredentials" finished-at="2025-09-01T13:25:48 IST" duration-ms="5793" status="PASS">
          <reporter-output>
          </reporter-output>
        </test-method> <!-- loginTestValidCredentials -->
        <test-method is-config="true" signature="logResult(org.testng.ITestResult)[pri:0, instance:com.capstone.tests.LoginTest@489115ef]" started-at="2025-09-01T13:25:48 IST" name="logResult" finished-at="2025-09-01T13:25:49 IST" duration-ms="175" status="PASS">
          <params>
            <param index="0">
              <value>
                <![CDATA[[TestResult name=loginTestValidCredentials status=SUCCESS method=LoginTest.loginTestValidCredentials()[pri:0, instance:com.capstone.tests.LoginTest@489115ef] output={null}]]]>
              </value>
            </param>
          </params>
          <reporter-output>
          </reporter-output>
        </test-method> <!-- logResult -->
        <test-method is-config="true" signature="tearDownReport()[pri:0, instance:com.capstone.tests.LoginTest@489115ef]" started-at="2025-09-01T13:26:12 IST" name="tearDownReport" finished-at="2025-09-01T13:26:13 IST" duration-ms="254" status="PASS">
          <reporter-output>
          </reporter-output>
        </test-method> <!-- tearDownReport -->
      </class> <!-- com.capstone.tests.LoginTest -->
    </test> <!-- NopCommerce Tests -->
  </suite> <!-- Capstone Suite -->
</testng-results>
