<?xml version="1.0" encoding="UTF-8"?>
<!-- Generated by org.testng.reporters.JUnitXMLReporter -->
<testsuite ignored="0" hostname="AfshasPc" failures="0" tests="4" name="Default test" time="75.094" errors="0" timestamp="2025-09-01T12:57:25 IST">
  <testcase classname="com.capstone.tests.LoginTest" name="loginTestBlankCredentials" time="5.001"/>
  <testcase classname="com.capstone.tests.LoginTest" name="loginTestInvalidEmail" time="27.803"/>
  <testcase classname="com.capstone.tests.LoginTest" name="loginTestInvalidPassword" time="27.4"/>
  <testcase classname="com.capstone.tests.LoginTest" name="loginTestValidCredentials" time="6.751"/>
</testsuite> <!-- Default test -->
