<?xml version="1.0" encoding="UTF-8"?>
<testng-results ignored="0" total="1" passed="1" failed="0" skipped="0">
  <reporter-output>
  </reporter-output>
  <suite started-at="2025-09-01T11:36:23 IST" name="Default suite" finished-at="2025-09-01T11:36:54 IST" duration-ms="31589">
    <groups>
    </groups>
    <test started-at="2025-09-01T11:36:23 IST" name="Default test" finished-at="2025-09-01T11:36:54 IST" duration-ms="31589">
      <class name="com.capstone.tests.E2ELogin2CheckoutTest">
        <test-method is-config="true" signature="setUp()[pri:0, instance:com.capstone.tests.E2ELogin2CheckoutTest@c730b35]" started-at="2025-09-01T11:36:23 IST" name="setUp" finished-at="2025-09-01T11:36:25 IST" duration-ms="2347" status="PASS">
          <reporter-output>
          </reporter-output>
        </test-method> <!-- setUp -->
        <test-method signature="completeCheckoutFlow()[pri:0, instance:com.capstone.tests.E2ELogin2CheckoutTest@c730b35]" started-at="2025-09-01T11:36:25 IST" name="completeCheckoutFlow" finished-at="2025-09-01T11:36:54 IST" duration-ms="28955" status="PASS">
          <reporter-output>
          </reporter-output>
        </test-method> <!-- completeCheckoutFlow -->
        <test-method is-config="true" signature="tearDown()[pri:0, instance:com.capstone.tests.E2ELogin2CheckoutTest@c730b35]" started-at="2025-09-01T11:36:54 IST" name="tearDown" finished-at="2025-09-01T11:36:54 IST" duration-ms="236" status="PASS">
          <reporter-output>
          </reporter-output>
        </test-method> <!-- tearDown -->
      </class> <!-- com.capstone.tests.E2ELogin2CheckoutTest -->
    </test> <!-- Default test -->
  </suite> <!-- Default suite -->
</testng-results>
